1599508902721	mozrunner::runner	INFO	Running command: "C:\\Program Files\\Mozilla Firefox\\firefox.exe" "-marionette" "-foreground" "-no-remote" "-profile" "C:\\Users\\Bibhash\\AppData\\Local\\Temp\\rust_mozprofilez7zcNP"
JavaScript error: resource://gre/modules/XULStore.jsm, line 66: Error: Can't find profile directory.
console.error: SearchCache: "_readCacheFile: Error reading cache file:" (new Error("", "(unknown module)"))
1599508906953	Marionette	INFO	Listening on port 53666
1599508907815	Marionette	WARN	TLS certificate errors will be ignored for this session
1599508933646	Marionette	INFO	Stopped listening on port 53666
[Parent 17544, Gecko_IOThread] WARNING: file /builds/worker/checkouts/gecko/ipc/chromium/src/base/process_util_win.cc, line 166

###!!! [Child][RunMessage] Error: Channel closing: too late to send/recv, messages will be lost


###!!! [Child][MessageChannel::SendAndWait] Error: Channel error: cannot send/recv

1599539278286	mozrunner::runner	INFO	Running command: "C:\\Program Files\\Mozilla Firefox\\firefox.exe" "-marionette" "-foreground" "-no-remote" "-profile" "C:\\Users\\Bibhash\\AppData\\Local\\Temp\\rust_mozprofileBUjK7A"
JavaScript error: resource://gre/modules/XULStore.jsm, line 66: Error: Can't find profile directory.
console.error: SearchCache: "_readCacheFile: Error reading cache file:" (new Error("", "(unknown module)"))
1599539283787	Marionette	INFO	Listening on port 54460
1599539284193	Marionette	WARN	TLS certificate errors will be ignored for this session
[Parent 27580, Gecko_IOThread] WARNING: file /builds/worker/checkouts/gecko/ipc/chromium/src/base/process_util_win.cc, line 166
1599539349307	Marionette	INFO	Stopped listening on port 54460

###!!! [Child][RunMessage] Error: Channel closing: too late to send/recv, messages will be lost


###!!! [Child][MessageChannel::SendAndWait] Error: Channel error: cannot send/recv

1599539392017	mozrunner::runner	INFO	Running command: "C:\\Program Files\\Mozilla Firefox\\firefox.exe" "-marionette" "-foreground" "-no-remote" "-profile" "C:\\Users\\Bibhash\\AppData\\Local\\Temp\\rust_mozprofileeC7P5G"
JavaScript error: resource://gre/modules/XULStore.jsm, line 66: Error: Can't find profile directory.
console.error: SearchCache: "_readCacheFile: Error reading cache file:" (new Error("", "(unknown module)"))
1599539397448	Marionette	INFO	Listening on port 54698
1599539397856	Marionette	WARN	TLS certificate errors will be ignored for this session
[Parent 11956, Gecko_IOThread] WARNING: file /builds/worker/checkouts/gecko/ipc/chromium/src/base/process_util_win.cc, line 166
1599539472121	Marionette	INFO	Stopped listening on port 54698

###!!! [Child][RunMessage] Error: Channel closing: too late to send/recv, messages will be lost


###!!! [Child][MessageChannel::SendAndWait] Error: Channel error: cannot send/recv

1599539482087	mozrunner::runner	INFO	Running command: "C:\\Program Files\\Mozilla Firefox\\firefox.exe" "-marionette" "-foreground" "-no-remote" "-profile" "C:\\Users\\Bibhash\\AppData\\Local\\Temp\\rust_mozprofileTHiLZN"
JavaScript error: resource://gre/modules/XULStore.jsm, line 66: Error: Can't find profile directory.
console.error: SearchCache: "_readCacheFile: Error reading cache file:" (new Error("", "(unknown module)"))
1599539486015	Marionette	INFO	Listening on port 54840
1599539486240	Marionette	WARN	TLS certificate errors will be ignored for this session
1599539671770	Marionette	INFO	Stopped listening on port 54840

###!!! [Child][RunMessage] Error: Channel closing: too late to send/recv, messages will be lost


###!!! [Child][MessageChannel::SendAndWait] Error: Channel error: cannot send/recv

re/modules/XULStore.jsm, line 66: Error: Can't find profile directory.
console.error: SearchCache: "_readCacheFile: Error reading cache file:" (new Error("", "(unknown module)"))
1599539628079	Marionette	INFO	Listening on port 55055
1599539628263	Marionette	WARN	TLS certificate errors will be ignored for this session
1599539670779	Marionette	INFO	Stopped listening on port 55055

###!!! [Child][RunMessage] Error: Channel closing: too late to send/recv, messages will be lost


###!!! [Child][MessageChannel::SendAndWait] Error: Channel error: cannot send/recv

1599539776323	mozrunner::runner	INFO	Running command: "C:\\Program Files\\Mozilla Firefox\\firefox.exe" "-marionette" "-foreground" "-no-remote" "-profile" "C:\\Users\\Bibhash\\AppData\\Local\\Temp\\rust_mozprofilebp5R6W"
JavaScript error: resource://gre/modules/XULStore.jsm, line 66: Error: Can't find profile directory.
console.error: SearchCache: "_readCacheFile: Error reading cache file:" (new Error("", "(unknown module)"))
1599539785656	Marionette	INFO	Listening on port 55184
1599539785862	Marionette	WARN	TLS certificate errors will be ignored for this session
1599539859312	Marionette	INFO	Stopped listening on port 55184

###!!! [Child][MessageChannel::SendAndWait] Error: Channel error: cannot send/recv

1599539867515	mozrunner::runner	INFO	Running command: "C:\\Program Files\\Mozilla Firefox\\firefox.exe" "-marionette" "-foreground" "-no-remote" "-profile" "C:\\Users\\Bibhash\\AppData\\Local\\Temp\\rust_mozprofilePg5xae"
JavaScript error: resource://gre/modules/XULStore.jsm, line 66: Error: Can't find profile directory.
console.error: SearchCache: "_readCacheFile: Error reading cache file:" (new Error("", "(unknown module)"))
1599539873355	Marionette	INFO	Listening on port 55422
1599539873780	Marionette	WARN	TLS certificate errors will be ignored for this session
1599539924403	Marionette	INFO	Stopped listening on port 55422

###!!! [Child][RunMessage] Error: Channel closing: too late to send/recv, messages will be lost


###!!! [Child][MessageChannel::SendAndWait] Error: Channel error: cannot send/recv

1599540024126	mozrunner::runner	INFO	Running command: "C:\\Program Files\\Mozilla Firefox\\firefox.exe" "-marionette" "-foreground" "-no-remote" "-profile" "C:\\Users\\Bibhash\\AppData\\Local\\Temp\\rust_mozprofile2Wulry"
JavaScript error: resource://gre/modules/XULStore.jsm, line 66: Error: Can't find profile directory.
console.error: SearchCache: "_readCacheFile: Error reading cache file:" (new Error("", "(unknown module)"))
1599540030040	Marionette	INFO	Listening on port 55569
1599540030603	Marionette	WARN	TLS certificate errors will be ignored for this session
1599540056601	Marionette	INFO	Stopped listening on port 55569

###!!! [Child][RunMessage] Error: Channel closing: too late to send/recv, messages will be lost


###!!! [Child][MessageChannel::SendAndWait] Error: Channel error: cannot send/recv

1599540132144	mozrunner::runner	INFO	Running command: "C:\\Program Files\\Mozilla Firefox\\firefox.exe" "-marionette" "-foreground" "-no-remote" "-profile" "C:\\Users\\Bibhash\\AppData\\Local\\Temp\\rust_mozprofileskXHyP"
JavaScript error: resource://gre/modules/XULStore.jsm, line 66: Error: Can't find profile directory.
console.error: SearchCache: "_readCacheFile: Error reading cache file:" (new Error("", "(unknown module)"))
1599540136585	Marionette	INFO	Listening on port 55710
1599540136958	Marionette	WARN	TLS certificate errors will be ignored for this session
[Parent 28440, Gecko_IOThread] WARNING: file /builds/worker/checkouts/gecko/ipc/chromium/src/base/process_util_win.cc, line 166
1599540177222	Marionette	INFO	Stopped listening on port 55710

###!!! [Child][RunMessage] Error: Channel closing: too late to send/recv, messages will be lost


###!!! [Child][MessageChannel::SendAndWait] Error: Channel error: cannot send/recv

1599540255561	mozrunner::runner	INFO	Running command: "C:\\Program Files\\Mozilla Firefox\\firefox.exe" "-marionette" "-foreground" "-no-remote" "-profile" "C:\\Users\\Bibhash\\AppData\\Local\\Temp\\rust_mozprofile2SlF3K"
JavaScript error: resource://gre/modules/XULStore.jsm, line 66: Error: Can't find profile directory.
console.error: SearchCache: "_readCacheFile: Error reading cache file:" (new Error("", "(unknown module)"))
1599540260310	Marionette	INFO	Listening on port 55836
1599540260362	Marionette	WARN	TLS certificate errors will be ignored for this session
1599540296846	Marionette	INFO	Stopped listening on port 55836

###!!! [Child][RunMessage] Error: Channel closing: too late to send/recv, messages will be lost


###!!! [Child][MessageChannel::SendAndWait] Error: Channel error: cannot send/recv

1599540319344	mozrunner::runner	INFO	Running command: "C:\\Program Files\\Mozilla Firefox\\firefox.exe" "-marionette" "-foreground" "-no-remote" "-profile" "C:\\Users\\Bibhash\\AppData\\Local\\Temp\\rust_mozprofileHnibSk"
JavaScript error: resource://gre/modules/XULStore.jsm, line 66: Error: Can't find profile directory.
console.error: SearchCache: "_readCacheFile: Error reading cache file:" (new Error("", "(unknown module)"))
1599540325122	Marionette	INFO	Listening on port 55967
1599540325608	Marionette	WARN	TLS certificate errors will be ignored for this session
1599540361219	Marionette	INFO	Stopped listening on port 55967

###!!! [Child][RunMessage] Error: Channel closing: too late to send/recv, messages will be lost


###!!! [Child][MessageChannel::SendAndWait] Error: Channel error: cannot send/recv

1599540417992	mozrunner::runner	INFO	Running command: "C:\\Program Files\\Mozilla Firefox\\firefox.exe" "-marionette" "-foreground" "-no-remote" "-profile" "C:\\Users\\Bibhash\\AppData\\Local\\Temp\\rust_mozprofileHHzXa0"
JavaScript error: resource://gre/modules/XULStore.jsm, line 66: Error: Can't find profile directory.
console.error: SearchCache: "_readCacheFile: Error reading cache file:" (new Error("", "(unknown module)"))
1599540422232	Marionette	INFO	Listening on port 56171
1599540422260	Marionette	WARN	TLS certificate errors will be ignored for this session
1599540446237	Marionette	INFO	Stopped listening on port 56171

###!!! [Child][RunMessage] Error: Channel closing: too late to send/recv, messages will be lost


###!!! [Child][MessageChannel::SendAndWait] Error: Channel error: cannot send/recv

1599540526195	mozrunner::runner	INFO	Running command: "C:\\Program Files\\Mozilla Firefox\\firefox.exe" "-marionette" "-foreground" "-no-remote" "-profile" "C:\\Users\\Bibhash\\AppData\\Local\\Temp\\rust_mozprofileRG1wyU"
JavaScript error: resource://gre/modules/XULStore.jsm, line 66: Error: Can't find profile directory.
console.error: SearchCache: "_readCacheFile: Error reading cache file:" (new Error("", "(unknown module)"))
1599540531628	Marionette	INFO	Listening on port 56291
1599540532031	Marionette	WARN	TLS certificate errors will be ignored for this session
1599540836616	Marionette	INFO	Stopped listening on port 56291

###!!! [Child][RunMessage] Error: Channel closing: too late to send/recv, messages will be lost


###!!! [Child][MessageChannel::SendAndWait] Error: Channel error: cannot send/recv

re/modules/XULStore.jsm, line 66: Error: Can't find profile directory.
console.error: SearchCache: "_readCacheFile: Error reading cache file:" (new Error("", "(unknown module)"))
1599540673035	Marionette	INFO	Listening on port 56427
1599540673503	Marionette	WARN	TLS certificate errors will be ignored for this session
1599540925558	Marionette	INFO	Stopped listening on port 56427

###!!! [Child][RunMessage] Error: Channel closing: too late to send/recv, messages will be lost


###!!! [Child][MessageChannel::SendAndWait] Error: Channel error: cannot send/recv

re/modules/XULStore.jsm, line 66: Error: Can't find profile directory.
console.error: SearchCache: "_readCacheFile: Error reading cache file:" (new Error("", "(unknown module)"))
1599540842167	Marionette	INFO	Listening on port 56574
1599540842714	Marionette	WARN	TLS certificate errors will be ignored for this session
1599540870750	Marionette	INFO	Stopped listening on port 56574

###!!! [Child][RunMessage] Error: Channel closing: too late to send/recv, messages will be lost


###!!! [Child][MessageChannel::SendAndWait] Error: Channel error: cannot send/recv

1599540929229	mozrunner::runner	INFO	Running command: "C:\\Program Files\\Mozilla Firefox\\firefox.exe" "-marionette" "-foreground" "-no-remote" "-profile" "C:\\Users\\Bibhash\\AppData\\Local\\Temp\\rust_mozprofileGYWW0b"
JavaScript error: resource://gre/modules/XULStore.jsm, line 66: Error: Can't find profile directory.
console.error: SearchCache: "_readCacheFile: Error reading cache file:" (new Error("", "(unknown module)"))
1599540936633	Marionette	INFO	Listening on port 56755
1599540936728	Marionette	WARN	TLS certificate errors will be ignored for this session
1599540954308	Marionette	INFO	Stopped listening on port 56755

###!!! [Child][RunMessage] Error: Channel closing: too late to send/recv, messages will be lost


###!!! [Child][MessageChannel::SendAndWait] Error: Channel error: cannot send/recv

1599541043184	mozrunner::runner	INFO	Running command: "C:\\Program Files\\Mozilla Firefox\\firefox.exe" "-marionette" "-foreground" "-no-remote" "-profile" "C:\\Users\\Bibhash\\AppData\\Local\\Temp\\rust_mozprofile7nYxPE"
JavaScript error: resource://gre/modules/XULStore.jsm, line 66: Error: Can't find profile directory.
console.error: SearchCache: "_readCacheFile: Error reading cache file:" (new Error("", "(unknown module)"))
1599541048316	Marionette	INFO	Listening on port 56896
1599541048440	Marionette	WARN	TLS certificate errors will be ignored for this session
1599541081856	Marionette	INFO	Stopped listening on port 56896

###!!! [Child][RunMessage] Error: Channel closing: too late to send/recv, messages will be lost


###!!! [Child][MessageChannel::SendAndWait] Error: Channel error: cannot send/recv

1599541680541	mozrunner::runner	INFO	Running command: "C:\\Program Files\\Mozilla Firefox\\firefox.exe" "-marionette" "-foreground" "-no-remote" "-profile" "C:\\Users\\Bibhash\\AppData\\Local\\Temp\\rust_mozprofileYPtWI6"
JavaScript error: resource://gre/modules/XULStore.jsm, line 66: Error: Can't find profile directory.
console.error: SearchCache: "_readCacheFile: Error reading cache file:" (new Error("", "(unknown module)"))
1599541685984	Marionette	INFO	Listening on port 57084
1599541686338	Marionette	WARN	TLS certificate errors will be ignored for this session
1599541825082	Marionette	INFO	Stopped listening on port 57084

###!!! [Child][MessageChannel::SendAndWait] Error: Channel error: cannot send/recv

1599541942646	mozrunner::runner	INFO	Running command: "C:\\Program Files\\Mozilla Firefox\\firefox.exe" "-marionette" "-foreground" "-no-remote" "-profile" "C:\\Users\\Bibhash\\AppData\\Local\\Temp\\rust_mozprofileX4ERts"
JavaScript error: resource://gre/modules/XULStore.jsm, line 66: Error: Can't find profile directory.
console.error: SearchCache: "_readCacheFile: Error reading cache file:" (new Error("", "(unknown module)"))
1599541949570	Marionette	INFO	Listening on port 57547
1599541950072	Marionette	WARN	TLS certificate errors will be ignored for this session
1599541973639	Marionette	INFO	Stopped listening on port 57547

###!!! [Child][RunMessage] Error: Channel closing: too late to send/recv, messages will be lost


###!!! [Child][MessageChannel::SendAndWait] Error: Channel error: cannot send/recv

1599542062602	mozrunner::runner	INFO	Running command: "C:\\Program Files\\Mozilla Firefox\\firefox.exe" "-marionette" "-foreground" "-no-remote" "-profile" "C:\\Users\\Bibhash\\AppData\\Local\\Temp\\rust_mozprofileDUggBZ"
JavaScript error: resource://gre/modules/XULStore.jsm, line 66: Error: Can't find profile directory.
console.error: SearchCache: "_readCacheFile: Error reading cache file:" (new Error("", "(unknown module)"))
1599542069754	Marionette	INFO	Listening on port 57695
1599542069992	Marionette	WARN	TLS certificate errors will be ignored for this session
1599542145123	Marionette	INFO	Stopped listening on port 57695

###!!! [Child][RunMessage] Error: Channel closing: too late to send/recv, messages will be lost


###!!! [Child][MessageChannel::SendAndWait] Error: Channel error: cannot send/recv

1599543363036	mozrunner::runner	INFO	Running command: "C:\\Program Files\\Mozilla Firefox\\firefox.exe" "-marionette" "-foreground" "-no-remote" "-profile" "C:\\Users\\Bibhash\\AppData\\Local\\Temp\\rust_mozprofile3xdplS"
JavaScript error: resource://gre/modules/XULStore.jsm, line 66: Error: Can't find profile directory.
console.error: SearchCache: "_readCacheFile: Error reading cache file:" (new Error("", "(unknown module)"))
1599543369073	Marionette	INFO	Listening on port 58158
1599543369569	Marionette	WARN	TLS certificate errors will be ignored for this session
1599543441582	mozrunner::runner	INFO	Running command: "C:\\Program Files\\Mozilla Firefox\\firefox.exe" "-marionette" "-foreground" "-no-remote" "-profile" "C:\\Users\\Bibhash\\AppData\\Local\\Temp\\rust_mozprofilefULFIm"
JavaScript error: resource://gre/modules/XULStore.jsm, line 66: Error: Can't find profile directory.
console.error: SearchCache: "_readCacheFile: Error reading cache file:" (new Error("", "(unknown module)"))
1599543453904	Marionette	INFO	Listening on port 58322
1599543454224	Marionette	WARN	TLS certificate errors will be ignored for this session
1599543498218	Marionette	INFO	Stopped listening on port 58322

###!!! [Child][RunMessage] Error: Channel closing: too late to send/recv, messages will be lost


###!!! [Child][MessageChannel::SendAndWait] Error: Channel error: cannot send/recv

1599543680984	mozrunner::runner	INFO	Running command: "C:\\Program Files\\Mozilla Firefox\\firefox.exe" "-marionette" "-foreground" "-no-remote" "-profile" "C:\\Users\\Bibhash\\AppData\\Local\\Temp\\rust_mozprofile8Ypjxg"
JavaScript error: resource://gre/modules/XULStore.jsm, line 66: Error: Can't find profile directory.
console.error: SearchCache: "_readCacheFile: Error reading cache file:" (new Error("", "(unknown module)"))
1599543687814	Marionette	INFO	Listening on port 58488
1599543688218	Marionette	WARN	TLS certificate errors will be ignored for this session
1599544125994	Marionette	INFO	Stopped listening on port 58488

###!!! [Child][RunMessage] Error: Channel closing: too late to send/recv, messages will be lost


###!!! [Child][MessageChannel::SendAndWait] Error: Channel error: cannot send/recv

1599544173259	mozrunner::runner	INFO	Running command: "C:\\Program Files\\Mozilla Firefox\\firefox.exe" "-marionette" "-foreground" "-no-remote" "-profile" "C:\\Users\\Bibhash\\AppData\\Local\\Temp\\rust_mozprofilesWNLdB"
JavaScript error: resource://gre/modules/XULStore.jsm, line 66: Error: Can't find profile directory.
console.error: SearchCache: "_readCacheFile: Error reading cache file:" (new Error("", "(unknown module)"))
1599544178562	Marionette	INFO	Listening on port 58669
1599544179020	Marionette	WARN	TLS certificate errors will be ignored for this session
[Parent 29860, Gecko_IOThread] WARNING: file /builds/worker/checkouts/gecko/ipc/chromium/src/base/process_util_win.cc, line 166
1599544330809	Marionette	INFO	Stopped listening on port 58669

###!!! [Child][MessageChannel::SendAndWait] Error: Channel error: cannot send/recv

e 66: Error: Can't find profile directory.
console.error: SearchCache: "_readCacheFile: Error reading cache file:" (new Error("", "(unknown module)"))
1599544315510	Marionette	INFO	Listening on port 58840
1599544316235	Marionette	WARN	TLS certificate errors will be ignored for this session
1599544497811	Marionette	INFO	Stopped listening on port 58840

###!!! [Child][RunMessage] Error: Channel closing: too late to send/recv, messages will be lost


###!!! [Child][MessageChannel::SendAndWait] Error: Channel error: cannot send/recv

re/modules/XULStore.jsm, line 66: Error: Can't find profile directory.
console.error: SearchCache: "_readCacheFile: Error reading cache file:" (new Error("", "(unknown module)"))
1599544452507	Marionette	INFO	Listening on port 59004
1599544452967	Marionette	WARN	TLS certificate errors will be ignored for this session
1599544481694	Marionette	INFO	Stopped listening on port 59004

###!!! [Child][RunMessage] Error: Channel closing: too late to send/recv, messages will be lost


###!!! [Child][MessageChannel::SendAndWait] Error: Channel error: cannot send/recv

1599544549426	mozrunner::runner	INFO	Running command: "C:\\Program Files\\Mozilla Firefox\\firefox.exe" "-marionette" "-foreground" "-no-remote" "-profile" "C:\\Users\\Bibhash\\AppData\\Local\\Temp\\rust_mozprofileo1fImM"
JavaScript error: resource://gre/modules/XULStore.jsm, line 66: Error: Can't find profile directory.
console.error: SearchCache: "_readCacheFile: Error reading cache file:" (new Error("", "(unknown module)"))
1599544557412	Marionette	INFO	Listening on port 59157
1599544557714	Marionette	WARN	TLS certificate errors will be ignored for this session
1599544587444	Marionette	INFO	Stopped listening on port 59157

###!!! [Child][RunMessage] Error: Channel closing: too late to send/recv, messages will be lost


###!!! [Child][MessageChannel::SendAndWait] Error: Channel error: cannot send/recv

1599544717145	mozrunner::runner	INFO	Running command: "C:\\Program Files\\Mozilla Firefox\\firefox.exe" "-marionette" "-foreground" "-no-remote" "-profile" "C:\\Users\\Bibhash\\AppData\\Local\\Temp\\rust_mozprofileA63CFJ"
JavaScript error: resource://gre/modules/XULStore.jsm, line 66: Error: Can't find profile directory.
console.error: SearchCache: "_readCacheFile: Error reading cache file:" (new Error("", "(unknown module)"))
1599544722867	Marionette	INFO	Listening on port 59342
1599544723335	Marionette	WARN	TLS certificate errors will be ignored for this session
1599544754242	Marionette	INFO	Stopped listening on port 59342

###!!! [Child][RunMessage] Error: Channel closing: too late to send/recv, messages will be lost


###!!! [Child][MessageChannel::SendAndWait] Error: Channel error: cannot send/recv

1599544775798	mozrunner::runner	INFO	Running command: "C:\\Program Files\\Mozilla Firefox\\firefox.exe" "-marionette" "-foreground" "-no-remote" "-profile" "C:\\Users\\Bibhash\\AppData\\Local\\Temp\\rust_mozprofiledmttwy"
JavaScript error: resource://gre/modules/XULStore.jsm, line 66: Error: Can't find profile directory.
console.error: SearchCache: "_readCacheFile: Error reading cache file:" (new Error("", "(unknown module)"))
1599544782011	Marionette	INFO	Listening on port 59495
1599544782149	Marionette	WARN	TLS certificate errors will be ignored for this session
1599544824056	Marionette	INFO	Stopped listening on port 59495
[Child 33428, Chrome_ChildThread] WARNING: pipe error: 232: file /builds/worker/checkouts/gecko/ipc/chromium/src/chrome/common/ipc_channel_win.cc, line 545

###!!! [Child][RunMessage] Error: Channel closing: too late to send/recv, messages will be lost


###!!! [Child][MessageChannel::SendAndWait] Error: Channel error: cannot send/recv

1599545129966	mozrunner::runner	INFO	Running command: "C:\\Program Files\\Mozilla Firefox\\firefox.exe" "-marionette" "-foreground" "-no-remote" "-profile" "C:\\Users\\Bibhash\\AppData\\Local\\Temp\\rust_mozprofileWhn7al"
JavaScript error: resource://gre/modules/XULStore.jsm, line 66: Error: Can't find profile directory.
console.error: SearchCache: "_readCacheFile: Error reading cache file:" (new Error("", "(unknown module)"))
1599545138570	Marionette	INFO	Listening on port 59607
1599545138905	Marionette	WARN	TLS certificate errors will be ignored for this session
1599545160626	Marionette	INFO	Stopped listening on port 59607

###!!! [Child][RunMessage] Error: Channel closing: too late to send/recv, messages will be lost


###!!! [Child][MessageChannel::SendAndWait] Error: Channel error: cannot send/recv

1599545258593	mozrunner::runner	INFO	Running command: "C:\\Program Files\\Mozilla Firefox\\firefox.exe" "-marionette" "-foreground" "-no-remote" "-profile" "C:\\Users\\Bibhash\\AppData\\Local\\Temp\\rust_mozprofilevV9uQF"
JavaScript error: resource://gre/modules/XULStore.jsm, line 66: Error: Can't find profile directory.
console.error: SearchCache: "_readCacheFile: Error reading cache file:" (new Error("", "(unknown module)"))
1599545266043	Marionette	INFO	Listening on port 59773
1599545266475	Marionette	WARN	TLS certificate errors will be ignored for this session
[Parent 10996, Gecko_IOThread] WARNING: file /builds/worker/checkouts/gecko/ipc/chromium/src/base/process_util_win.cc, line 166
1599545306277	Marionette	INFO	Stopped listening on port 59773

###!!! [Child][RunMessage] Error: Channel closing: too late to send/recv, messages will be lost


###!!! [Child][MessageChannel::SendAndWait] Error: Channel error: cannot send/recv

1599545376148	mozrunner::runner	INFO	Running command: "C:\\Program Files\\Mozilla Firefox\\firefox.exe" "-marionette" "-foreground" "-no-remote" "-profile" "C:\\Users\\Bibhash\\AppData\\Local\\Temp\\rust_mozprofileTd1ADd"
JavaScript error: resource://gre/modules/XULStore.jsm, line 66: Error: Can't find profile directory.
console.error: SearchCache: "_readCacheFile: Error reading cache file:" (new Error("", "(unknown module)"))
1599545380516	Marionette	INFO	Listening on port 59959
1599545380913	Marionette	WARN	TLS certificate errors will be ignored for this session
1599545418559	Marionette	INFO	Stopped listening on port 59959

###!!! [Child][RunMessage] Error: Channel closing: too late to send/recv, messages will be lost


###!!! [Child][MessageChannel::SendAndWait] Error: Channel error: cannot send/recv

1599545894322	mozrunner::runner	INFO	Running command: "C:\\Program Files\\Mozilla Firefox\\firefox.exe" "-marionette" "-foreground" "-no-remote" "-profile" "C:\\Users\\Bibhash\\AppData\\Local\\Temp\\rust_mozprofileJwPMrj"
JavaScript error: resource://gre/modules/XULStore.jsm, line 66: Error: Can't find profile directory.
console.error: SearchCache: "_readCacheFile: Error reading cache file:" (new Error("", "(unknown module)"))
1599545898725	Marionette	INFO	Listening on port 60142
1599545899050	Marionette	WARN	TLS certificate errors will be ignored for this session
1599545920199	Marionette	INFO	Stopped listening on port 60142

###!!! [Child][RunMessage] Error: Channel closing: too late to send/recv, messages will be lost


###!!! [Child][MessageChannel::SendAndWait] Error: Channel error: cannot send/recv

1599546115138	mozrunner::runner	INFO	Running command: "C:\\Program Files\\Mozilla Firefox\\firefox.exe" "-marionette" "-foreground" "-no-remote" "-profile" "C:\\Users\\Bibhash\\AppData\\Local\\Temp\\rust_mozprofileYRBQ1C"
JavaScript error: resource://gre/modules/XULStore.jsm, line 66: Error: Can't find profile directory.
console.error: SearchCache: "_readCacheFile: Error reading cache file:" (new Error("", "(unknown module)"))
1599546121383	Marionette	INFO	Listening on port 60296
1599546121467	Marionette	WARN	TLS certificate errors will be ignored for this session
[Parent 26448, Gecko_IOThread] WARNING: file /builds/worker/checkouts/gecko/ipc/chromium/src/base/process_util_win.cc, line 166
1599546193620	Marionette	INFO	Stopped listening on port 60296

###!!! [Child][RunMessage] Error: Channel closing: too late to send/recv, messages will be lost


###!!! [Child][MessageChannel::SendAndWait] Error: Channel error: cannot send/recv

1599546202705	mozrunner::runner	INFO	Running command: "C:\\Program Files\\Mozilla Firefox\\firefox.exe" "-marionette" "-foreground" "-no-remote" "-profile" "C:\\Users\\Bibhash\\AppData\\Local\\Temp\\rust_mozprofileYNPYLD"
JavaScript error: resource://gre/modules/XULStore.jsm, line 66: Error: Can't find profile directory.
console.error: SearchCache: "_readCacheFile: Error reading cache file:" (new Error("", "(unknown module)"))
1599546207680	Marionette	INFO	Listening on port 60427
1599546207957	Marionette	WARN	TLS certificate errors will be ignored for this session
1599546229494	Marionette	INFO	Stopped listening on port 60427

###!!! [Child][RunMessage] Error: Channel closing: too late to send/recv, messages will be lost


###!!! [Child][MessageChannel::SendAndWait] Error: Channel error: cannot send/recv

1599546413008	mozrunner::runner	INFO	Running command: "C:\\Program Files\\Mozilla Firefox\\firefox.exe" "-marionette" "-foreground" "-no-remote" "-profile" "C:\\Users\\Bibhash\\AppData\\Local\\Temp\\rust_mozprofile0jl3VS"
JavaScript error: resource://gre/modules/XULStore.jsm, line 66: Error: Can't find profile directory.
console.error: SearchCache: "_readCacheFile: Error reading cache file:" (new Error("", "(unknown module)"))
1599546416683	Marionette	INFO	Listening on port 60596
1599546417141	Marionette	WARN	TLS certificate errors will be ignored for this session
1599546441503	Marionette	INFO	Stopped listening on port 60596

###!!! [Child][RunMessage] Error: Channel closing: too late to send/recv, messages will be lost


###!!! [Child][MessageChannel::SendAndWait] Error: Channel error: cannot send/recv

1599546489883	mozrunner::runner	INFO	Running command: "C:\\Program Files\\Mozilla Firefox\\firefox.exe" "-marionette" "-foreground" "-no-remote" "-profile" "C:\\Users\\Bibhash\\AppData\\Local\\Temp\\rust_mozprofileacsipv"
JavaScript error: resource://gre/modules/XULStore.jsm, line 66: Error: Can't find profile directory.
console.error: SearchCache: "_readCacheFile: Error reading cache file:" (new Error("", "(unknown module)"))
1599546493423	Marionette	INFO	Listening on port 60764
1599546494216	Marionette	WARN	TLS certificate errors will be ignored for this session
1599546529519	Marionette	INFO	Stopped listening on port 60764

###!!! [Child][RunMessage] Error: Channel closing: too late to send/recv, messages will be lost


###!!! [Child][MessageChannel::SendAndWait] Error: Channel error: cannot send/recv

1599546604141	mozrunner::runner	INFO	Running command: "C:\\Program Files\\Mozilla Firefox\\firefox.exe" "-marionette" "-foreground" "-no-remote" "-profile" "C:\\Users\\Bibhash\\AppData\\Local\\Temp\\rust_mozprofilecahpVq"
JavaScript error: resource://gre/modules/XULStore.jsm, line 66: Error: Can't find profile directory.
console.error: SearchCache: "_readCacheFile: Error reading cache file:" (new Error("", "(unknown module)"))
1599546609937	Marionette	INFO	Listening on port 60903
1599546610366	Marionette	WARN	TLS certificate errors will be ignored for this session
[Parent 10688, Gecko_IOThread] WARNING: file /builds/worker/checkouts/gecko/ipc/chromium/src/base/process_util_win.cc, line 166
1599546681555	Marionette	INFO	Stopped listening on port 60903

###!!! [Child][RunMessage] Error: Channel closing: too late to send/recv, messages will be lost


###!!! [Child][MessageChannel::SendAndWait] Error: Channel error: cannot send/recv

1599546809934	mozrunner::runner	INFO	Running command: "C:\\Program Files\\Mozilla Firefox\\firefox.exe" "-marionette" "-foreground" "-no-remote" "-profile" "C:\\Users\\Bibhash\\AppData\\Local\\Temp\\rust_mozprofile3Lyd2J"
JavaScript error: resource://gre/modules/XULStore.jsm, line 66: Error: Can't find profile directory.
console.error: SearchCache: "_readCacheFile: Error reading cache file:" (new Error("", "(unknown module)"))
1599546814371	Marionette	INFO	Listening on port 61067
1599546814667	Marionette	WARN	TLS certificate errors will be ignored for this session
1599546916518	Marionette	INFO	Stopped listening on port 61067

###!!! [Child][RunMessage] Error: Channel closing: too late to send/recv, messages will be lost


###!!! [Child][MessageChannel::SendAndWait] Error: Channel error: cannot send/recv

1599546946037	mozrunner::runner	INFO	Running command: "C:\\Program Files\\Mozilla Firefox\\firefox.exe" "-marionette" "-foreground" "-no-remote" "-profile" "C:\\Users\\Bibhash\\AppData\\Local\\Temp\\rust_mozprofileawk8hW"
JavaScript error: resource://gre/modules/XULStore.jsm, line 66: Error: Can't find profile directory.
console.error: SearchCache: "_readCacheFile: Error reading cache file:" (new Error("", "(unknown module)"))
1599546950750	Marionette	INFO	Listening on port 61230
1599546950881	Marionette	WARN	TLS certificate errors will be ignored for this session
[Parent 31396, Gecko_IOThread] WARNING: file /builds/worker/checkouts/gecko/ipc/chromium/src/base/process_util_win.cc, line 166
1599547055436	Marionette	INFO	Stopped listening on port 61230

###!!! [Child][RunMessage] Error: Channel closing: too late to send/recv, messages will be lost


###!!! [Child][MessageChannel::SendAndWait] Error: Channel error: cannot send/recv

g cache file:" (new Error("", "(unknown module)"))
1599547025159	Marionette	INFO	Listening on port 61355
1599547025393	Marionette	WARN	TLS certificate errors will be ignored for this session
1599547053504	Marionette	INFO	Stopped listening on port 61355

###!!! [Child][RunMessage] Error: Channel closing: too late to send/recv, messages will be lost


###!!! [Child][MessageChannel::SendAndWait] Error: Channel error: cannot send/recv

1599547107353	mozrunner::runner	INFO	Running command: "C:\\Program Files\\Mozilla Firefox\\firefox.exe" "-marionette" "-foreground" "-no-remote" "-profile" "C:\\Users\\Bibhash\\AppData\\Local\\Temp\\rust_mozprofile2u0w7Z"
JavaScript error: resource://gre/modules/XULStore.jsm, line 66: Error: Can't find profile directory.
console.error: SearchCache: "_readCacheFile: Error reading cache file:" (new Error("", "(unknown module)"))
1599547112498	Marionette	INFO	Listening on port 61507
1599547112687	Marionette	WARN	TLS certificate errors will be ignored for this session
1599547152119	Marionette	INFO	Stopped listening on port 61507

###!!! [Child][RunMessage] Error: Channel closing: too late to send/recv, messages will be lost


###!!! [Child][MessageChannel::SendAndWait] Error: Channel error: cannot send/recv

1599547173635	mozrunner::runner	INFO	Running command: "C:\\Program Files\\Mozilla Firefox\\firefox.exe" "-marionette" "-foreground" "-no-remote" "-profile" "C:\\Users\\Bibhash\\AppData\\Local\\Temp\\rust_mozprofilerhNtFX"
JavaScript error: resource://gre/modules/XULStore.jsm, line 66: Error: Can't find profile directory.
console.error: SearchCache: "_readCacheFile: Error reading cache file:" (new Error("", "(unknown module)"))
1599547180979	Marionette	INFO	Listening on port 61669
1599547181048	Marionette	WARN	TLS certificate errors will be ignored for this session
1599547215564	Marionette	INFO	Stopped listening on port 61669

###!!! [Child][MessageChannel::SendAndWait] Error: Channel error: cannot send/recv

1599547255508	mozrunner::runner	INFO	Running command: "C:\\Program Files\\Mozilla Firefox\\firefox.exe" "-marionette" "-foreground" "-no-remote" "-profile" "C:\\Users\\Bibhash\\AppData\\Local\\Temp\\rust_mozprofileC0m7n6"
JavaScript error: resource://gre/modules/XULStore.jsm, line 66: Error: Can't find profile directory.
console.error: SearchCache: "_readCacheFile: Error reading cache file:" (new Error("", "(unknown module)"))
1599547259170	Marionette	INFO	Listening on port 61822
1599547259192	Marionette	WARN	TLS certificate errors will be ignored for this session
1599547273707	Marionette	INFO	Stopped listening on port 61822
[Child 9144, Chrome_ChildThread] WARNING: pipe error: 232: file /builds/worker/checkouts/gecko/ipc/chromium/src/chrome/common/ipc_channel_win.cc, line 545
[Child 9144, Chrome_ChildThread] WARNING: pipe error: 232: file /builds/worker/checkouts/gecko/ipc/chromium/src/chrome/common/ipc_channel_win.cc, line 545

###!!! [Child][RunMessage] Error: Channel closing: too late to send/recv, messages will be lost


###!!! [Child][MessageChannel::SendAndWait] Error: Channel error: cannot send/recv

1599547527649	mozrunner::runner	INFO	Running command: "C:\\Program Files\\Mozilla Firefox\\firefox.exe" "-marionette" "-foreground" "-no-remote" "-profile" "C:\\Users\\Bibhash\\AppData\\Local\\Temp\\rust_mozprofile04pUV7"
JavaScript error: resource://gre/modules/XULStore.jsm, line 66: Error: Can't find profile directory.
console.error: SearchCache: "_readCacheFile: Error reading cache file:" (new Error("", "(unknown module)"))
1599547531557	Marionette	INFO	Listening on port 61984
1599547531920	Marionette	WARN	TLS certificate errors will be ignored for this session
1599547550365	Marionette	INFO	Stopped listening on port 61984
[Parent 32760, Gecko_IOThread] WARNING: file /builds/worker/checkouts/gecko/ipc/chromium/src/base/process_util_win.cc, line 166

###!!! [Child][RunMessage] Error: Channel closing: too late to send/recv, messages will be lost


###!!! [Child][MessageChannel::SendAndWait] Error: Channel error: cannot send/recv

1599547722447	mozrunner::runner	INFO	Running command: "C:\\Program Files\\Mozilla Firefox\\firefox.exe" "-marionette" "-foreground" "-no-remote" "-profile" "C:\\Users\\Bibhash\\AppData\\Local\\Temp\\rust_mozprofileQQ9aEP"
JavaScript error: resource://gre/modules/XULStore.jsm, line 66: Error: Can't find profile directory.
console.error: SearchCache: "_readCacheFile: Error reading cache file:" (new Error("", "(unknown module)"))
1599547726996	Marionette	INFO	Listening on port 62128
1599547727362	Marionette	WARN	TLS certificate errors will be ignored for this session
1599547746235	Marionette	INFO	Stopped listening on port 62128

###!!! [Child][RunMessage] Error: Channel closing: too late to send/recv, messages will be lost


###!!! [Child][MessageChannel::SendAndWait] Error: Channel error: cannot send/recv

1599547853656	mozrunner::runner	INFO	Running command: "C:\\Program Files\\Mozilla Firefox\\firefox.exe" "-marionette" "-foreground" "-no-remote" "-profile" "C:\\Users\\Bibhash\\AppData\\Local\\Temp\\rust_mozprofileZ1aDz1"
JavaScript error: resource://gre/modules/XULStore.jsm, line 66: Error: Can't find profile directory.
console.error: SearchCache: "_readCacheFile: Error reading cache file:" (new Error("", "(unknown module)"))
1599547858110	Marionette	INFO	Listening on port 62271
1599547858504	Marionette	WARN	TLS certificate errors will be ignored for this session
1599547903578	Marionette	INFO	Stopped listening on port 62271

###!!! [Child][RunMessage] Error: Channel closing: too late to send/recv, messages will be lost


###!!! [Child][MessageChannel::SendAndWait] Error: Channel error: cannot send/recv

1599547947582	mozrunner::runner	INFO	Running command: "C:\\Program Files\\Mozilla Firefox\\firefox.exe" "-marionette" "-foreground" "-no-remote" "-profile" "C:\\Users\\Bibhash\\AppData\\Local\\Temp\\rust_mozprofileZPdFUJ"
JavaScript error: resource://gre/modules/XULStore.jsm, line 66: Error: Can't find profile directory.
console.error: SearchCache: "_readCacheFile: Error reading cache file:" (new Error("", "(unknown module)"))
1599547951464	Marionette	INFO	Listening on port 62429
1599547951762	Marionette	WARN	TLS certificate errors will be ignored for this session
1599547964658	Marionette	INFO	Stopped listening on port 62429

###!!! [Child][RunMessage] Error: Channel closing: too late to send/recv, messages will be lost


###!!! [Child][MessageChannel::SendAndWait] Error: Channel error: cannot send/recv

1599548105025	mozrunner::runner	INFO	Running command: "C:\\Program Files\\Mozilla Firefox\\firefox.exe" "-marionette" "-foreground" "-no-remote" "-profile" "C:\\Users\\Bibhash\\AppData\\Local\\Temp\\rust_mozprofileksAso1"
JavaScript error: resource://gre/modules/XULStore.jsm, line 66: Error: Can't find profile directory.
console.error: SearchCache: "_readCacheFile: Error reading cache file:" (new Error("", "(unknown module)"))
1599548109273	Marionette	INFO	Listening on port 62557
1599548109322	Marionette	WARN	TLS certificate errors will be ignored for this session
1599548125475	Marionette	INFO	Stopped listening on port 62557

###!!! [Child][MessageChannel::SendAndWait] Error: Channel error: cannot send/recv

1599548176507	mozrunner::runner	INFO	Running command: "C:\\Program Files\\Mozilla Firefox\\firefox.exe" "-marionette" "-foreground" "-no-remote" "-profile" "C:\\Users\\Bibhash\\AppData\\Local\\Temp\\rust_mozprofilemwPe9e"
JavaScript error: resource://gre/modules/XULStore.jsm, line 66: Error: Can't find profile directory.
console.error: SearchCache: "_readCacheFile: Error reading cache file:" (new Error("", "(unknown module)"))
1599548180244	Marionette	INFO	Listening on port 62706
1599548180742	Marionette	WARN	TLS certificate errors will be ignored for this session
1599548201740	Marionette	INFO	Stopped listening on port 62706
[Parent 5704, Gecko_IOThread] WARNING: file /builds/worker/checkouts/gecko/ipc/chromium/src/base/process_util_win.cc, line 166

###!!! [Child][RunMessage] Error: Channel closing: too late to send/recv, messages will be lost


###!!! [Child][MessageChannel::SendAndWait] Error: Channel error: cannot send/recv

1599548467898	mozrunner::runner	INFO	Running command: "C:\\Program Files\\Mozilla Firefox\\firefox.exe" "-marionette" "-foreground" "-no-remote" "-profile" "C:\\Users\\Bibhash\\AppData\\Local\\Temp\\rust_mozprofileZ4WgU3"
JavaScript error: resource://gre/modules/XULStore.jsm, line 66: Error: Can't find profile directory.
console.error: SearchCache: "_readCacheFile: Error reading cache file:" (new Error("", "(unknown module)"))
1599548472360	Marionette	INFO	Listening on port 62851
1599548472677	Marionette	WARN	TLS certificate errors will be ignored for this session
1599548498197	Marionette	INFO	Stopped listening on port 62851

###!!! [Child][RunMessage] Error: Channel closing: too late to send/recv, messages will be lost


###!!! [Child][MessageChannel::SendAndWait] Error: Channel error: cannot send/recv

1599548654028	mozrunner::runner	INFO	Running command: "C:\\Program Files\\Mozilla Firefox\\firefox.exe" "-marionette" "-foreground" "-no-remote" "-profile" "C:\\Users\\Bibhash\\AppData\\Local\\Temp\\rust_mozprofile2as54v"
JavaScript error: resource://gre/modules/XULStore.jsm, line 66: Error: Can't find profile directory.
console.error: SearchCache: "_readCacheFile: Error reading cache file:" (new Error("", "(unknown module)"))
1599548658055	Marionette	INFO	Listening on port 63000
1599548658250	Marionette	WARN	TLS certificate errors will be ignored for this session
1599548917354	Marionette	INFO	Stopped listening on port 63000

###!!! [Child][RunMessage] Error: Channel closing: too late to send/recv, messages will be lost


###!!! [Child][MessageChannel::SendAndWait] Error: Channel error: cannot send/recv

re/modules/XULStore.jsm, line 66: Error: Can't find profile directory.
console.error: SearchCache: "_readCacheFile: Error reading cache file:" (new Error("", "(unknown module)"))
1599548788161	Marionette	INFO	Listening on port 63151
1599548788300	Marionette	WARN	TLS certificate errors will be ignored for this session
1599548866322	Marionette	INFO	Stopped listening on port 63151

###!!! [Child][RunMessage] Error: Channel closing: too late to send/recv, messages will be lost


###!!! [Child][MessageChannel::SendAndWait] Error: Channel error: cannot send/recv

1599548937238	mozrunner::runner	INFO	Running command: "C:\\Program Files\\Mozilla Firefox\\firefox.exe" "-marionette" "-foreground" "-no-remote" "-profile" "C:\\Users\\Bibhash\\AppData\\Local\\Temp\\rust_mozprofile7FfBsQ"
JavaScript error: resource://gre/modules/XULStore.jsm, line 66: Error: Can't find profile directory.
console.error: SearchCache: "_readCacheFile: Error reading cache file:" (new Error("", "(unknown module)"))
1599548940704	Marionette	INFO	Listening on port 63397
1599548940901	Marionette	WARN	TLS certificate errors will be ignored for this session
1599548963016	Marionette	INFO	Stopped listening on port 63397
[Parent 31180, Gecko_IOThread] WARNING: file /builds/worker/checkouts/gecko/ipc/chromium/src/base/process_util_win.cc, line 166

###!!! [Child][RunMessage] Error: Channel closing: too late to send/recv, messages will be lost


###!!! [Child][MessageChannel::SendAndWait] Error: Channel error: cannot send/recv

1599549220282	mozrunner::runner	INFO	Running command: "C:\\Program Files\\Mozilla Firefox\\firefox.exe" "-marionette" "-foreground" "-no-remote" "-profile" "C:\\Users\\Bibhash\\AppData\\Local\\Temp\\rust_mozprofileIqxS6N"
JavaScript error: resource://gre/modules/XULStore.jsm, line 66: Error: Can't find profile directory.
console.error: SearchCache: "_readCacheFile: Error reading cache file:" (new Error("", "(unknown module)"))
1599549223816	Marionette	INFO	Listening on port 63546
1599549223965	Marionette	WARN	TLS certificate errors will be ignored for this session
1599549244499	Marionette	INFO	Stopped listening on port 63546

###!!! [Child][RunMessage] Error: Channel closing: too late to send/recv, messages will be lost


###!!! [Child][MessageChannel::SendAndWait] Error: Channel error: cannot send/recv

1599549394742	mozrunner::runner	INFO	Running command: "C:\\Program Files\\Mozilla Firefox\\firefox.exe" "-marionette" "-foreground" "-no-remote" "-profile" "C:\\Users\\Bibhash\\AppData\\Local\\Temp\\rust_mozprofileV9i0FS"
JavaScript error: resource://gre/modules/XULStore.jsm, line 66: Error: Can't find profile directory.
console.error: SearchCache: "_readCacheFile: Error reading cache file:" (new Error("", "(unknown module)"))
1599549398543	Marionette	INFO	Listening on port 63714
1599549398941	Marionette	WARN	TLS certificate errors will be ignored for this session
1599549438018	Marionette	INFO	Stopped listening on port 63714
[Parent 20940, Gecko_IOThread] WARNING: file /builds/worker/checkouts/gecko/ipc/chromium/src/base/process_util_win.cc, line 166

###!!! [Child][RunMessage] Error: Channel closing: too late to send/recv, messages will be lost


###!!! [Child][MessageChannel::SendAndWait] Error: Channel error: cannot send/recv

1599549818647	mozrunner::runner	INFO	Running command: "C:\\Program Files\\Mozilla Firefox\\firefox.exe" "-marionette" "-foreground" "-no-remote" "-profile" "C:\\Users\\Bibhash\\AppData\\Local\\Temp\\rust_mozprofileuJzMI7"
JavaScript error: resource://gre/modules/XULStore.jsm, line 66: Error: Can't find profile directory.
console.error: SearchCache: "_readCacheFile: Error reading cache file:" (new Error("", "(unknown module)"))
1599549822398	Marionette	INFO	Listening on port 63933
1599549822867	Marionette	WARN	TLS certificate errors will be ignored for this session
1599549843894	Marionette	INFO	Stopped listening on port 63933

###!!! [Child][RunMessage] Error: Channel closing: too late to send/recv, messages will be lost


###!!! [Child][MessageChannel::SendAndWait] Error: Channel error: cannot send/recv

1599550087551	mozrunner::runner	INFO	Running command: "C:\\Program Files\\Mozilla Firefox\\firefox.exe" "-marionette" "-foreground" "-no-remote" "-profile" "C:\\Users\\Bibhash\\AppData\\Local\\Temp\\rust_mozprofileoSqxNp"
JavaScript error: resource://gre/modules/XULStore.jsm, line 66: Error: Can't find profile directory.
console.error: SearchCache: "_readCacheFile: Error reading cache file:" (new Error("", "(unknown module)"))
1599550093049	Marionette	INFO	Listening on port 64091
1599550093360	Marionette	WARN	TLS certificate errors will be ignored for this session
1599550120928	Marionette	INFO	Stopped listening on port 64091
[Child 27540, Chrome_ChildThread] WARNING: pipe error: 232: file /builds/worker/checkouts/gecko/ipc/chromium/src/chrome/common/ipc_channel_win.cc, line 545
[Child 27540, Chrome_ChildThread] WARNING: pipe error: 232: file /builds/worker/checkouts/gecko/ipc/chromium/src/chrome/common/ipc_channel_win.cc, line 545

###!!! [Child][RunMessage] Error: Channel closing: too late to send/recv, messages will be lost


###!!! [Child][MessageChannel::SendAndWait] Error: Channel error: cannot send/recv

1599550155383	mozrunner::runner	INFO	Running command: "C:\\Program Files\\Mozilla Firefox\\firefox.exe" "-marionette" "-foreground" "-no-remote" "-profile" "C:\\Users\\Bibhash\\AppData\\Local\\Temp\\rust_mozprofileLUB4aU"
JavaScript error: resource://gre/modules/XULStore.jsm, line 66: Error: Can't find profile directory.
console.error: SearchCache: "_readCacheFile: Error reading cache file:" (new Error("", "(unknown module)"))
1599550159741	Marionette	INFO	Listening on port 64262
1599550160166	Marionette	WARN	TLS certificate errors will be ignored for this session
1599550197276	Marionette	INFO	Stopped listening on port 64262
[Parent 25136, Gecko_IOThread] WARNING: file /builds/worker/checkouts/gecko/ipc/chromium/src/base/process_util_win.cc, line 166

###!!! [Child][RunMessage] Error: Channel closing: too late to send/recv, messages will be lost


###!!! [Child][MessageChannel::SendAndWait] Error: Channel error: cannot send/recv

1599550419546	mozrunner::runner	INFO	Running command: "C:\\Program Files\\Mozilla Firefox\\firefox.exe" "-marionette" "-foreground" "-no-remote" "-profile" "C:\\Users\\Bibhash\\AppData\\Local\\Temp\\rust_mozprofileed0jTu"
JavaScript error: resource://gre/modules/XULStore.jsm, line 66: Error: Can't find profile directory.
console.error: SearchCache: "_readCacheFile: Error reading cache file:" (new Error("", "(unknown module)"))
1599550423354	Marionette	INFO	Listening on port 64453
1599550423779	Marionette	WARN	TLS certificate errors will be ignored for this session
1599550452028	Marionette	INFO	Stopped listening on port 64453
[Parent 31852, Gecko_IOThread] WARNING: file /builds/worker/checkouts/gecko/ipc/chromium/src/base/process_util_win.cc, line 166

###!!! [Child][RunMessage] Error: Channel closing: too late to send/recv, messages will be lost


###!!! [Child][MessageChannel::SendAndWait] Error: Channel error: cannot send/recv

1599550564434	mozrunner::runner	INFO	Running command: "C:\\Program Files\\Mozilla Firefox\\firefox.exe" "-marionette" "-foreground" "-no-remote" "-profile" "C:\\Users\\Bibhash\\AppData\\Local\\Temp\\rust_mozprofile5Qyi2Q"
JavaScript error: resource://gre/modules/XULStore.jsm, line 66: Error: Can't find profile directory.
console.error: SearchCache: "_readCacheFile: Error reading cache file:" (new Error("", "(unknown module)"))
1599550567732	Marionette	INFO	Listening on port 64642
1599550568138	Marionette	WARN	TLS certificate errors will be ignored for this session
1599550634220	Marionette	INFO	Stopped listening on port 64642

###!!! [Child][RunMessage] Error: Channel closing: too late to send/recv, messages will be lost


###!!! [Child][MessageChannel::SendAndWait] Error: Channel error: cannot send/recv

1599550666409	mozrunner::runner	INFO	Running command: "C:\\Program Files\\Mozilla Firefox\\firefox.exe" "-marionette" "-foreground" "-no-remote" "-profile" "C:\\Users\\Bibhash\\AppData\\Local\\Temp\\rust_mozprofileK4s9nG"
JavaScript error: resource://gre/modules/XULStore.jsm, line 66: Error: Can't find profile directory.
console.error: SearchCache: "_readCacheFile: Error reading cache file:" (new Error("", "(unknown module)"))
1599550670370	Marionette	INFO	Listening on port 64758
1599550670637	Marionette	WARN	TLS certificate errors will be ignored for this session
1599550701378	Marionette	INFO	Stopped listening on port 64758

###!!! [Child][RunMessage] Error: Channel closing: too late to send/recv, messages will be lost


###!!! [Child][MessageChannel::SendAndWait] Error: Channel error: cannot send/recv

1599551109769	mozrunner::runner	INFO	Running command: "C:\\Program Files\\Mozilla Firefox\\firefox.exe" "-marionette" "-foreground" "-no-remote" "-profile" "C:\\Users\\Bibhash\\AppData\\Local\\Temp\\rust_mozprofileB0kDgp"
JavaScript error: resource://gre/modules/XULStore.jsm, line 66: Error: Can't find profile directory.
console.error: SearchCache: "_readCacheFile: Error reading cache file:" (new Error("", "(unknown module)"))
1599551112870	Marionette	INFO	Listening on port 64949
1599551112943	Marionette	WARN	TLS certificate errors will be ignored for this session
1599551144035	Marionette	INFO	Stopped listening on port 64949

###!!! [Child][RunMessage] Error: Channel closing: too late to send/recv, messages will be lost


###!!! [Child][MessageChannel::SendAndWait] Error: Channel error: cannot send/recv

1599551180068	mozrunner::runner	INFO	Running command: "C:\\Program Files\\Mozilla Firefox\\firefox.exe" "-marionette" "-foreground" "-no-remote" "-profile" "C:\\Users\\Bibhash\\AppData\\Local\\Temp\\rust_mozprofilejX0lxD"
JavaScript error: resource://gre/modules/XULStore.jsm, line 66: Error: Can't find profile directory.
console.error: SearchCache: "_readCacheFile: Error reading cache file:" (new Error("", "(unknown module)"))
1599551183825	Marionette	INFO	Listening on port 65130
1599551184273	Marionette	WARN	TLS certificate errors will be ignored for this session
1599551212484	Marionette	INFO	Stopped listening on port 65130

###!!! [Child][RunMessage] Error: Channel closing: too late to send/recv, messages will be lost


###!!! [Child][MessageChannel::SendAndWait] Error: Channel error: cannot send/recv

1599629316082	mozrunner::runner	INFO	Running command: "C:\\Program Files\\Mozilla Firefox\\firefox.exe" "-marionette" "-foreground" "-no-remote" "-profile" "C:\\Users\\Bibhash\\AppData\\Local\\Temp\\rust_mozprofileAiinfI"
JavaScript error: resource://gre/modules/XULStore.jsm, line 66: Error: Can't find profile directory.
console.error: SearchCache: "_readCacheFile: Error reading cache file:" (new Error("", "(unknown module)"))
1599629333517	Marionette	INFO	Listening on port 56531
1599629333700	Marionette	WARN	TLS certificate errors will be ignored for this session
1599629373546	Marionette	INFO	Stopped listening on port 56531

###!!! [Child][RunMessage] Error: Channel closing: too late to send/recv, messages will be lost


###!!! [Child][MessageChannel::SendAndWait] Error: Channel error: cannot send/recv

1599629381401	mozrunner::runner	INFO	Running command: "C:\\Program Files\\Mozilla Firefox\\firefox.exe" "-marionette" "-foreground" "-no-remote" "-profile" "C:\\Users\\Bibhash\\AppData\\Local\\Temp\\rust_mozprofileanA376"
JavaScript error: resource://gre/modules/XULStore.jsm, line 66: Error: Can't find profile directory.
console.error: SearchCache: "_readCacheFile: Error reading cache file:" (new Error("", "(unknown module)"))
1599629386177	Marionette	INFO	Listening on port 56617
1599629386197	Marionette	WARN	TLS certificate errors will be ignored for this session
1599629405575	Marionette	INFO	Stopped listening on port 56617

###!!! [Child][RunMessage] Error: Channel closing: too late to send/recv, messages will be lost


###!!! [Child][MessageChannel::SendAndWait] Error: Channel error: cannot send/recv

1599629464715	mozrunner::runner	INFO	Running command: "C:\\Program Files\\Mozilla Firefox\\firefox.exe" "-marionette" "-foreground" "-no-remote" "-profile" "C:\\Users\\Bibhash\\AppData\\Local\\Temp\\rust_mozprofileV7G2Bt"
JavaScript error: resource://gre/modules/XULStore.jsm, line 66: Error: Can't find profile directory.
console.error: SearchCache: "_readCacheFile: Error reading cache file:" (new Error("", "(unknown module)"))
1599629469306	Marionette	INFO	Listening on port 56701
1599629469490	Marionette	WARN	TLS certificate errors will be ignored for this session
[Parent 23228, Gecko_IOThread] WARNING: file /builds/worker/checkouts/gecko/ipc/chromium/src/base/process_util_win.cc, line 166
1599629527464	Marionette	INFO	Stopped listening on port 56701

###!!! [Child][MessageChannel::SendAndWait] Error: Channel error: cannot send/recv

1599629579924	mozrunner::runner	INFO	Running command: "C:\\Program Files\\Mozilla Firefox\\firefox.exe" "-marionette" "-foreground" "-no-remote" "-profile" "C:\\Users\\Bibhash\\AppData\\Local\\Temp\\rust_mozprofileeyxFPU"
JavaScript error: resource://gre/modules/XULStore.jsm, line 66: Error: Can't find profile directory.
console.error: SearchCache: "_readCacheFile: Error reading cache file:" (new Error("", "(unknown module)"))
1599629584202	Marionette	INFO	Listening on port 56780
1599629584262	Marionette	WARN	TLS certificate errors will be ignored for this session
1599629604808	Marionette	INFO	Stopped listening on port 56780

###!!! [Child][RunMessage] Error: Channel closing: too late to send/recv, messages will be lost


###!!! [Child][MessageChannel::SendAndWait] Error: Channel error: cannot send/recv

1599634356865	mozrunner::runner	INFO	Running command: "C:\\Program Files\\Mozilla Firefox\\firefox.exe" "-marionette" "-foreground" "-no-remote" "-profile" "C:\\Users\\Bibhash\\AppData\\Local\\Temp\\rust_mozprofileuXzLj2"
JavaScript error: resource://gre/modules/XULStore.jsm, line 66: Error: Can't find profile directory.
console.error: SearchCache: "_readCacheFile: Error reading cache file:" (new Error("", "(unknown module)"))
1599634366568	Marionette	INFO	Listening on port 57655
1599634366852	Marionette	WARN	TLS certificate errors will be ignored for this session
[Parent 29388, Gecko_IOThread] WARNING: file /builds/worker/checkouts/gecko/ipc/chromium/src/base/process_util_win.cc, line 166
1599634470000	Marionette	INFO	Stopped listening on port 57655

###!!! [Child][RunMessage] Error: Channel closing: too late to send/recv, messages will be lost


###!!! [Child][MessageChannel::SendAndWait] Error: Channel error: cannot send/recv

1599634481454	mozrunner::runner	INFO	Running command: "C:\\Program Files\\Mozilla Firefox\\firefox.exe" "-marionette" "-foreground" "-no-remote" "-profile" "C:\\Users\\Bibhash\\AppData\\Local\\Temp\\rust_mozprofileBRXYz0"
JavaScript error: resource://gre/modules/XULStore.jsm, line 66: Error: Can't find profile directory.
console.error: SearchCache: "_readCacheFile: Error reading cache file:" (new Error("", "(unknown module)"))
1599634488135	Marionette	INFO	Listening on port 57800
1599634488377	Marionette	WARN	TLS certificate errors will be ignored for this session
[Parent 31664, Gecko_IOThread] WARNING: file /builds/worker/checkouts/gecko/ipc/chromium/src/base/process_util_win.cc, line 166
1599634542823	Marionette	INFO	Stopped listening on port 57800

###!!! [Child][RunMessage] Error: Channel closing: too late to send/recv, messages will be lost


###!!! [Child][MessageChannel::SendAndWait] Error: Channel error: cannot send/recv

1599634568535	mozrunner::runner	INFO	Running command: "C:\\Program Files\\Mozilla Firefox\\firefox.exe" "-marionette" "-foreground" "-no-remote" "-profile" "C:\\Users\\Bibhash\\AppData\\Local\\Temp\\rust_mozprofilepzeuQD"
JavaScript error: resource://gre/modules/XULStore.jsm, line 66: Error: Can't find profile directory.
console.error: SearchCache: "_readCacheFile: Error reading cache file:" (new Error("", "(unknown module)"))
1599634574270	Marionette	INFO	Listening on port 57898
1599634574452	Marionette	WARN	TLS certificate errors will be ignored for this session
1599634690835	Marionette	INFO	Stopped listening on port 57898

###!!! [Child][RunMessage] Error: Channel closing: too late to send/recv, messages will be lost


###!!! [Child][MessageChannel::SendAndWait] Error: Channel error: cannot send/recv

1599634702502	mozrunner::runner	INFO	Running command: "C:\\Program Files\\Mozilla Firefox\\firefox.exe" "-marionette" "-foreground" "-no-remote" "-profile" "C:\\Users\\Bibhash\\AppData\\Local\\Temp\\rust_mozprofileUkw4FD"
JavaScript error: resource://gre/modules/XULStore.jsm, line 66: Error: Can't find profile directory.
console.error: SearchCache: "_readCacheFile: Error reading cache file:" (new Error("", "(unknown module)"))
1599634708625	Marionette	INFO	Listening on port 58046
1599634708928	Marionette	WARN	TLS certificate errors will be ignored for this session
1599634766168	Marionette	INFO	Stopped listening on port 58046

###!!! [Child][RunMessage] Error: Channel closing: too late to send/recv, messages will be lost


###!!! [Child][MessageChannel::SendAndWait] Error: Channel error: cannot send/recv

